MPASM  5.43                         TERM2.ASM   6-8-2018  10:40:25         PAGE  1


LOC  OBJECT CODE     LINE SOURCE TEXT
  VALUE

                      00001                 PROCESSOR 16F876A
                      00002                 #INCLUDE <P16F876A.INC>
                      00001         LIST
                      00002 
                      00003 ;==========================================================================
                      00004 ;  MPASM PIC16F876A processor include
                      00005 ; 
                      00006 ;  (c) Copyright 1999-2011 Microchip Technology, All rights reserved
                      00007 ;==========================================================================
                      00008 
                      00522         LIST
                      00003                 
                      00004 ; 변수 선언
  0020                00005                 VARIABLE        W_TEMP          =       20H
  0021                00006                 VARIABLE        STATUS_TEMP     =       21H
  0022                00007                 VARIABLE        INT_CNT         =       22H
  0023                00008                 VARIABLE        D_10SEC         =       23H
  0024                00009                 VARIABLE        D_1SEC          =       24H
  0025                00010                 VARIABLE        DISP_CNT        =       25H
  0026                00011                 VARIABLE        COM_A           =       26H
  0027                00012                 VARIABLE        COM_B           =       27H
  0028                00013                 VARIABLE        D_10MIN         =       28H
  0029                00014                 VARIABLE        D_1MIN          =       29H
  0030                00015                 VARIABLE        DBUF1           =       30H
  0031                00016                 VARIABLE        DBUF2           =       31H
                      00017                 
                      00018 ; MAIN PROGRAM
                      00019 
                      00020         ORG             00H
0000   2???           00021         GOTO    START_UP
                      00022         ORG             04H
                      00023         
                      00024 ; ISR 시작 번지
0004   00A0           00025         MOVWF   W_TEMP ; 현재 사용되고 있는 W REG를 저장
0005   0E03           00026         SWAPF   STATUS,W
0006   00A1           00027         MOVWF   STATUS_TEMP
0007   2???           00028         CALL    DISP ; DISPLAY 부 프로그램
0008   0E21           00029         SWAPF   STATUS_TEMP,W ; 저장된 내용으로 복원
0009   0083           00030         MOVWF   STATUS
000A   0EA0           00031         SWAPF   W_TEMP,F
000B   0E20           00032         SWAPF   W_TEMP,W
000C   110B           00033         BCF     INTCON,2
000D   0009           00034         RETFIE
                      00035         
                      00036 ; DISPLAY ROUTINE
000E                  00037 DISP
Message[305]: Using default destination of 1 (file).
000E   0AA5           00038         INCF    DISP_CNT
000F   1CA5           00039         BTFSS   DISP_CNT, 1
0010   2???           00040         GOTO    DISPM
                      00041 
0011                  00042 DISPN
0011   1C25           00043         BTFSS   DISP_CNT, 0 
MPASM  5.43                         TERM2.ASM   6-8-2018  10:40:25         PAGE  2


LOC  OBJECT CODE     LINE SOURCE TEXT
  VALUE

0012   2???           00044         GOTO    DISP3
0013   2???           00045         GOTO    DISP4
                      00046 
                      00047 
0014                  00048 DISPM
0014   1C25           00049         BTFSS   DISP_CNT, 0
0015   2???           00050         GOTO    DISP2
0016   2???           00051         GOTO    DISP1
                      00052         
                      00053 
                      00054 ; 처음 들어올 때        
0017                  00055 DISP1
0017   3000           00056         MOVLW   B'00000000'
0018   0085           00057         MOVWF   PORTA
                      00058         
0019   0823           00059         MOVF    D_10SEC, W
001A   2???           00060         CALL    CONV
001B   0087           00061         MOVWF   PORTC
                      00062         
001C   3002           00063         MOVLW   B'00000010'
001D   0085           00064         MOVWF   PORTA
                      00065         
001E   0008           00066         RETURN
                      00067         
                      00068 ; 다음 들어올 때
001F                  00069 DISP2
001F   3000           00070         MOVLW   B'00000000'
0020   0085           00071         MOVWF   PORTA
                      00072         
0021   0824           00073         MOVF    D_1SEC, W
0022   2???           00074         CALL    CONV
0023   0087           00075         MOVWF   PORTC
                      00076         
0024   3001           00077         MOVLW   B'00000001'
0025   0085           00078         MOVWF   PORTA   
                      00079         
Message[305]: Using default destination of 1 (file).
0026   0AA2           00080         INCF    INT_CNT
                      00081 
0027   0008           00082         RETURN  
                      00083         
0028                  00084 DISP3
0028   3000           00085         MOVLW   B'00000000'
0029   0085           00086         MOVWF   PORTA
                      00087         
002A   0829           00088         MOVF    D_1MIN, W
002B   2???           00089         CALL    CONV
002C   0087           00090         MOVWF   PORTC
                      00091         
002D   1FA2           00092         BTFSS           INT_CNT, 7
002E   1007           00093         BCF                     PORTC, 0        
                      00094         
                      00095         
MPASM  5.43                         TERM2.ASM   6-8-2018  10:40:25         PAGE  3


LOC  OBJECT CODE     LINE SOURCE TEXT
  VALUE

                      00096         
002F   3004           00097         MOVLW   B'00000100'
0030   0085           00098         MOVWF   PORTA   
                      00099         
0031   0008           00100         RETURN  
                      00101         
0032                  00102 DISP4
0032   3000           00103         MOVLW   B'00000000'
0033   0085           00104         MOVWF   PORTA
                      00105         
0034   0828           00106         MOVF    D_10MIN, W
0035   2???           00107         CALL    CONV
0036   0087           00108         MOVWF   PORTC
                      00109         
0037   3008           00110         MOVLW   B'00001000'
0038   0085           00111         MOVWF   PORTA   
                      00112         
Message[305]: Using default destination of 1 (file).
0039   0AA2           00113         INCF    INT_CNT
                      00114 
003A   0008           00115         RETURN  
                      00116         
                      00117 ; MAIN PROGRAM 시작
003B                  00118 START_UP
003B   1683           00119         BSF     STATUS,RP0 ; RAM BANK 1 선택
003C   3000           00120         MOVLW   B'00000000' ; PORT I/O 선택
Message[302]: Register in operand not in bank 0.  Ensure that bank bits are correct.
003D   0085           00121         MOVWF   TRISA
Message[302]: Register in operand not in bank 0.  Ensure that bank bits are correct.
003E   0087           00122         MOVWF   TRISC
003F   3007           00123         MOVLW   B'00000111' ; PORT I/O 선택
Message[302]: Register in operand not in bank 0.  Ensure that bank bits are correct.
0040   009F           00124         MOVWF   ADCON1
                      00125 
                      00126 ; INTERRUPT 시간 설정 --- 2.048msec 주기
0041   3002           00127         MOVLW   B'00000010' ; 2.048msec
Message[302]: Register in operand not in bank 0.  Ensure that bank bits are correct.
0042   0081           00128         MOVWF   OPTION_REG
0043   1283           00129         BCF     STATUS,RP0 ; RAM BANK 0 선택
0044   168B           00130         BSF     INTCON,5 ; TIMER INTERRUPT ENABLE
0045   178B           00131         BSF     INTCON,7 ; GLOBAL INT. ENABLE
0046   2???           00132         GOTO    MAIN_ST
                      00133 
0047                  00134 MAIN_ST
0047   01A2           00135         CLRF    INT_CNT
0048   01A3           00136         CLRF    D_10SEC
0049   01A4           00137         CLRF    D_1SEC
004A   01A8           00138         CLRF    D_10MIN
004B   01A9           00139         CLRF    D_1MIN
                      00140         
004C                  00141 M_LOOP
                      00142 ; interrupt가 들어온 횟수 확인(시간계수)
004C   30F4           00143         MOVLW   .244
MPASM  5.43                         TERM2.ASM   6-8-2018  10:40:25         PAGE  4


LOC  OBJECT CODE     LINE SOURCE TEXT
  VALUE

004D   0222           00144         SUBWF   INT_CNT,W
004E   1D03           00145         BTFSS   STATUS, Z
004F   2???           00146         GOTO    XLOOP
                      00147 ; 1sec 마다 들어오는 부분
0050                  00148 CK_LOOP
0050   01A2           00149         CLRF    INT_CNT ; 다음 1초를 기다리기 위한 초기화
Message[305]: Using default destination of 1 (file).
0051   0AA4           00150         INCF    D_1SEC ; 1초 단위 변수 증가
0052   300A           00151         MOVLW   .10
0053   0224           00152         SUBWF   D_1SEC,W
0054   1D03           00153         BTFSS   STATUS, Z
0055   2???           00154         GOTO    XLOOP
                      00155 ; 10초마다 들어오는 부분
0056   01A4           00156         CLRF    D_1SEC ; 다음 10초를 기다리기 위한 초기화
Message[305]: Using default destination of 1 (file).
0057   0AA3           00157         INCF    D_10SEC ; 10초 단위 변수 증가
0058   3006           00158         MOVLW   .6
0059   0223           00159         SUBWF   D_10SEC,W
005A   1D03           00160         BTFSS   STATUS, Z
                      00161 ;       CLRF    D_10SEC ; 10초 단위를 초기화
005B   2???           00162         GOTO    XLOOP
                      00163 ; 1분마다 들어오는 부분
                      00164 ;       CLRF    D_1SEC ; 다음 10초를 기다리기 위한 초기화
005C   01A3           00165         CLRF    D_10SEC
Message[305]: Using default destination of 1 (file).
005D   0AA9           00166         INCF    D_1MIN ; 10초 단위 변수 증가
005E   2???           00167         GOTO    LEDLP
005F                  00168 LEDLPR
005F   300A           00169         MOVLW   .10
0060   0229           00170         SUBWF   D_1MIN,W
0061   1D03           00171         BTFSS   STATUS, Z
                      00172 ;       CLRF    D_1MIN ; 10초 단위를 초기화
0062   2???           00173         GOTO    XLOOP
                      00174 ; 10분마다 들어오는 부분
                      00175 ;       CLRF    D_1SEC ; 다음 10초를 기다리기 위한 초기화
                      00176 ;       CLRF    D_10SEC
0063   01A9           00177         CLRF    D_1MIN
Message[305]: Using default destination of 1 (file).
0064   0AA8           00178         INCF    D_10MIN ; 10초 단위 변수 증가
0065   3006           00179         MOVLW   .6
0066   0228           00180         SUBWF   D_10MIN,W
0067   1903           00181         BTFSC   STATUS, Z
0068   01A8           00182         CLRF    D_10MIN ; 10초 단위를 초기화
0069   2???           00183         GOTO    XLOOP
                      00184 
                      00185 ; 나머지 시간 동안 사용자 기능을 수행하기 위한 프로그램 영역
                      00186 
                      00187 
006A                  00188 XLOOP
                      00189 ; KEY 확인하여 KEY에 따른 기능 수행
                      00190 ; 기능에 따른 부저 울리기 등
006A   2???           00191         GOTO    M_LOOP
                      00192         
MPASM  5.43                         TERM2.ASM   6-8-2018  10:40:25         PAGE  5


LOC  OBJECT CODE     LINE SOURCE TEXT
  VALUE

006B                  00193 CONV 
006B   390F           00194         ANDLW   0FH ; W의 low nibble 값을 변환하자.
006C   0782           00195         ADDWF   PCL,F ; PCL+변환 숫자값 --> PCL
                      00196 ; PC가 변경되므로 이 명령어 다음 수행 위
                      00197 ; 치가 변경되지요.
006D   3403           00198         RETLW   B'00000011' ;'0'를 표시 하는 값이 W로 들어옴
006E   349F           00199         RETLW   B'10011111' ; '1'를 표시 하는 값
006F   3425           00200         RETLW   B'00100101' ; '2'를 표시 하는 값
0070   340D           00201         RETLW   B'00001101' ; '3'를 표시 하는 값
0071   3499           00202         RETLW   B'10011001' ; '4'를 표시 하는 값
0072   3449           00203         RETLW   B'01001001' ; '5'를 표시 하는 값
0073   3441           00204         RETLW   B'01000001' ; '6'를 표시 하는 값
0074   341B           00205         RETLW   B'00011011' ; '7'를 표시 하는 값
0075   3401           00206         RETLW   B'00000001' ; '8'를 표시 하는 값
0076   3409           00207         RETLW   B'00001001' ; '9'를 표시 하는 값
0077   34FD           00208         RETLW   B'11111101' ; '-'를 표시 하는 값
0078   34FF           00209         RETLW   B'11111111' ; ' '를 표시 하는 값
0079   34E5           00210         RETLW   B'11100101' ; 'C'를 표시 하는 값
007A   34FE           00211         RETLW   B'11111110' ; '．'를 표시 하는 값
007B   3461           00212         RETLW   B'01100001' ; 'E'를 표시 하는 값
007C   3471           00213         RETLW   B'01110001' ; 'F'를 표시 하는 값
                      00214 
007D                  00215 LEDLP
007D   3038           00216         MOVLW   B'00111000'
007E   0087           00217         MOVWF   PORTC
007F   2???           00218         CALL    DELAY
0080   3000           00219         MOVLW   B'00000000'
0081   2???           00220         GOTO    LEDLPR
                      00221 
0082                  00222 DELAY   ; DELAY 서브루틴                                                
0082   307D           00223                 MOVLW   .125
0083   00B0           00224                 MOVWF   DBUF1
0084   30C8           00225 LP1             MOVLW   .200
0085   00B1           00226                 MOVWF   DBUF2
0086   0000           00227 LP2             NOP
0087   0BB1           00228                 DECFSZ  DBUF2,F
0088   2???           00229                 GOTO    LP2
0089   0BB0           00230                 DECFSZ  DBUF1,F
008A   2???           00231                 GOTO    LP1
008B   0008           00232                 RETURN  
                      00233                 END     
MPASM  5.43                         TERM2.ASM   6-8-2018  10:40:25         PAGE  6


SYMBOL TABLE
  LABEL                             VALUE 

ACKDT                             00000005
ACKEN                             00000004
ACKSTAT                           00000006
ADCON0                            0000001F
ADCON1                            0000009F
ADCS0                             00000006
ADCS1                             00000007
ADCS2                             00000006
ADDEN                             00000003
ADFM                              00000007
ADIE                              00000006
ADIF                              00000006
ADON                              00000000
ADRESH                            0000001E
ADRESL                            0000009E
BCLIE                             00000003
BCLIF                             00000003
BF                                00000000
BRGH                              00000002
C                                 00000000
C1INV                             00000004
C1OUT                             00000006
C2INV                             00000005
C2OUT                             00000007
CCP1CON                           00000017
CCP1IE                            00000002
CCP1IF                            00000002
CCP1M0                            00000000
CCP1M1                            00000001
CCP1M2                            00000002
CCP1M3                            00000003
CCP1X                             00000005
CCP1Y                             00000004
CCP2CON                           0000001D
CCP2IE                            00000000
CCP2IF                            00000000
CCP2M0                            00000000
CCP2M1                            00000001
CCP2M2                            00000002
CCP2M3                            00000003
CCP2X                             00000005
CCP2Y                             00000004
CCPR1                             00000015
CCPR1H                            00000016
CCPR1L                            00000015
CCPR2                             0000001B
CCPR2H                            0000001C
CCPR2L                            0000001B
CHS0                              00000003
CHS1                              00000004
CHS2                              00000005
CIS                               00000003
CKE                               00000006
MPASM  5.43                         TERM2.ASM   6-8-2018  10:40:25         PAGE  7


SYMBOL TABLE
  LABEL                             VALUE 

CKP                               00000004
CK_LOOP                           00000050
CM0                               00000000
CM1                               00000001
CM2                               00000002
CMCON                             0000009C
CMIE                              00000006
CMIF                              00000006
COM_A                             00000026
COM_B                             00000027
CONV                              0000006B
CREN                              00000004
CSRC                              00000007
CVR0                              00000000
CVR1                              00000001
CVR2                              00000002
CVR3                              00000003
CVRCON                            0000009D
CVREN                             00000007
CVROE                             00000006
CVRR                              00000005
D                                 00000005
DATA_ADDRESS                      00000005
DBUF1                             00000030
DBUF2                             00000031
DC                                00000001
DELAY                             00000082
DISP                              0000000E
DISP1                             00000017
DISP2                             0000001F
DISP3                             00000028
DISP4                             00000032
DISPM                             00000014
DISPN                             00000011
DISP_CNT                          00000025
D_10MIN                           00000028
D_10SEC                           00000023
D_1MIN                            00000029
D_1SEC                            00000024
D_A                               00000005
D_NOT_A                           00000005
EEADR                             0000010D
EEADRH                            0000010F
EECON1                            0000018C
EECON2                            0000018D
EEDATA                            0000010C
EEDATH                            0000010E
EEIE                              00000004
EEIF                              00000004
EEPGD                             00000007
F                                 00000001
FERR                              00000002
FSR                               00000004
MPASM  5.43                         TERM2.ASM   6-8-2018  10:40:25         PAGE  8


SYMBOL TABLE
  LABEL                             VALUE 

GCEN                              00000007
GIE                               00000007
GO                                00000002
GO_DONE                           00000002
GO_NOT_DONE                       00000002
I2C_DATA                          00000005
I2C_READ                          00000002
I2C_START                         00000003
I2C_STOP                          00000004
INDF                              00000000
INTCON                            0000000B
INTE                              00000004
INTEDG                            00000006
INTF                              00000001
INT_CNT                           00000022
IRP                               00000007
LEDLP                             0000007D
LEDLPR                            0000005F
LP1                               00000084
LP2                               00000086
MAIN_ST                           00000047
M_LOOP                            0000004C
NOT_A                             00000005
NOT_ADDRESS                       00000005
NOT_BO                            00000000
NOT_BOR                           00000000
NOT_DONE                          00000002
NOT_PD                            00000003
NOT_POR                           00000001
NOT_RBPU                          00000007
NOT_RC8                           00000006
NOT_T1SYNC                        00000002
NOT_TO                            00000004
NOT_TX8                           00000006
NOT_W                             00000002
NOT_WRITE                         00000002
OERR                              00000001
OPTION_REG                        00000081
P                                 00000004
PCFG0                             00000000
PCFG1                             00000001
PCFG2                             00000002
PCFG3                             00000003
PCL                               00000002
PCLATH                            0000000A
PCON                              0000008E
PEIE                              00000006
PEN                               00000002
PIE1                              0000008C
PIE2                              0000008D
PIR1                              0000000C
PIR2                              0000000D
PORTA                             00000005
MPASM  5.43                         TERM2.ASM   6-8-2018  10:40:25         PAGE  9


SYMBOL TABLE
  LABEL                             VALUE 

PORTB                             00000006
PORTC                             00000007
PR2                               00000092
PS0                               00000000
PS1                               00000001
PS2                               00000002
PSA                               00000003
R                                 00000002
RA0                               00000000
RA1                               00000001
RA2                               00000002
RA3                               00000003
RA4                               00000004
RA5                               00000005
RB0                               00000000
RB1                               00000001
RB2                               00000002
RB3                               00000003
RB4                               00000004
RB5                               00000005
RB6                               00000006
RB7                               00000007
RBIE                              00000003
RBIF                              00000000
RC0                               00000000
RC1                               00000001
RC2                               00000002
RC3                               00000003
RC4                               00000004
RC5                               00000005
RC6                               00000006
RC7                               00000007
RC8_9                             00000006
RC9                               00000006
RCD8                              00000000
RCEN                              00000003
RCIE                              00000005
RCIF                              00000005
RCREG                             0000001A
RCSTA                             00000018
RD                                00000000
READ_WRITE                        00000002
RP0                               00000005
RP1                               00000006
RSEN                              00000001
RX9                               00000006
RX9D                              00000000
R_NOT_W                           00000002
R_W                               00000002
S                                 00000003
SEN                               00000000
SMP                               00000007
SPBRG                             00000099
MPASM  5.43                         TERM2.ASM   6-8-2018  10:40:25         PAGE 10


SYMBOL TABLE
  LABEL                             VALUE 

SPEN                              00000007
SREN                              00000005
SSPADD                            00000093
SSPBUF                            00000013
SSPCON                            00000014
SSPCON2                           00000091
SSPEN                             00000005
SSPIE                             00000003
SSPIF                             00000003
SSPM0                             00000000
SSPM1                             00000001
SSPM2                             00000002
SSPM3                             00000003
SSPOV                             00000006
SSPSTAT                           00000094
START_UP                          0000003B
STATUS                            00000003
STATUS_TEMP                       00000021
SYNC                              00000004
T0CS                              00000005
T0IE                              00000005
T0IF                              00000002
T0SE                              00000004
T1CKPS0                           00000004
T1CKPS1                           00000005
T1CON                             00000010
T1INSYNC                          00000002
T1OSCEN                           00000003
T1SYNC                            00000002
T2CKPS0                           00000000
T2CKPS1                           00000001
T2CON                             00000012
TMR0                              00000001
TMR0IE                            00000005
TMR0IF                            00000002
TMR1CS                            00000001
TMR1H                             0000000F
TMR1IE                            00000000
TMR1IF                            00000000
TMR1L                             0000000E
TMR1ON                            00000000
TMR2                              00000011
TMR2IE                            00000001
TMR2IF                            00000001
TMR2ON                            00000002
TOUTPS0                           00000003
TOUTPS1                           00000004
TOUTPS2                           00000005
TOUTPS3                           00000006
TRISA                             00000085
TRISA0                            00000000
TRISA1                            00000001
TRISA2                            00000002
MPASM  5.43                         TERM2.ASM   6-8-2018  10:40:25         PAGE 11


SYMBOL TABLE
  LABEL                             VALUE 

TRISA3                            00000003
TRISA4                            00000004
TRISA5                            00000005
TRISB                             00000086
TRISB0                            00000000
TRISB1                            00000001
TRISB2                            00000002
TRISB3                            00000003
TRISB4                            00000004
TRISB5                            00000005
TRISB6                            00000006
TRISB7                            00000007
TRISC                             00000087
TRISC0                            00000000
TRISC1                            00000001
TRISC2                            00000002
TRISC3                            00000003
TRISC4                            00000004
TRISC5                            00000005
TRISC6                            00000006
TRISC7                            00000007
TRMT                              00000001
TX8_9                             00000006
TX9                               00000006
TX9D                              00000000
TXD8                              00000000
TXEN                              00000005
TXIE                              00000004
TXIF                              00000004
TXREG                             00000019
TXSTA                             00000098
UA                                00000001
W                                 00000000
WCOL                              00000007
WR                                00000001
WREN                              00000002
WRERR                             00000003
W_TEMP                            00000020
XLOOP                             0000006A
Z                                 00000002
_BODEN_OFF                        00003FBF
_BODEN_ON                         00003FFF
_BOREN_OFF                        00003FBF
_BOREN_ON                         00003FFF
_CONFIG                           00002007
_CPD_OFF                          00003FFF
_CPD_ON                           00003EFF
_CP_ALL                           00001FFF
_CP_OFF                           00003FFF
_CP_ON                            00001FFF
_DEBUG_OFF                        00003FFF
_DEBUG_ON                         000037FF
_DEVID1                           00002006
MPASM  5.43                         TERM2.ASM   6-8-2018  10:40:25         PAGE 12


SYMBOL TABLE
  LABEL                             VALUE 

_FOSC_EXTRC                       00003FFF
_FOSC_HS                          00003FFE
_FOSC_LP                          00003FFC
_FOSC_XT                          00003FFD
_HS_OSC                           00003FFE
_IDLOC0                           00002000
_IDLOC1                           00002001
_IDLOC2                           00002002
_IDLOC3                           00002003
_LP_OSC                           00003FFC
_LVP_OFF                          00003F7F
_LVP_ON                           00003FFF
_PWRTE_OFF                        00003FFF
_PWRTE_ON                         00003FF7
_RC_OSC                           00003FFF
_WDTE_OFF                         00003FFB
_WDTE_ON                          00003FFF
_WDT_OFF                          00003FFB
_WDT_ON                           00003FFF
_WRT_1FOURTH                      00003BFF
_WRT_256                          00003DFF
_WRT_HALF                         000039FF
_WRT_OFF                          00003FFF
_XT_OSC                           00003FFD
__16F876A                         00000001

Errors   :     0
Warnings :     0 reported,     0 suppressed
Messages :    11 reported,     0 suppressed

